<?xml version="1.0" encoding="UTF-8"?>
<!-- Generated by org.testng.reporters.JUnitReportReporter -->
<testsuite skipped="0" hostname="DESKTOP-G28MNR6" name="com.TestCases.OrangeHRM_Login_TestCase" tests="1" failures="0" timestamp="2020-06-01T20:55:00 IST" time="5.498" errors="0">
  <testcase name="Login_Page" time="5.498" classname="com.TestCases.OrangeHRM_Login_TestCase"/>
  <system-out/>
</testsuite> <!-- com.TestCases.OrangeHRM_Login_TestCase -->
